<?xml version="1.0" encoding="UTF-8" ?>
<testsuite tests="9" failures="0" name="com.mindtree.simpleapp.EmployeeTest" time="5" errors="0" skipped="0">
  <properties>
[...]
</properties>
  <testcase classname="com.mindtree.simpleapp.EmployeeTest" name="employeeNotFoundForDelete" time="3.046"/>
  <testcase classname="com.mindtree.simpleapp.EmployeeTest" name="fetchingEmployeeData" time="0.243"/>
  <testcase classname="com.mindtree.simpleapp.EmployeeTest" name="missingEmployeeName" time="0.232"/>
  <testcase classname="com.mindtree.simpleapp.EmployeeTest" name="testEmployeeWithNullValue" time="0.455"/>
  <testcase classname="com.mindtree.simpleapp.EmployeeTest" name="testGetEmployeeSize" time="0.264"/>
  <testcase classname="com.mindtree.simpleapp.EmployeeTest" name="EmployeeNotFoundWithMessage" time="0.222"/>
  <testcase classname="com.mindtree.simpleapp.EmployeeTest" name="testGetEmployee" time="0.151"/>
  <testcase classname="com.mindtree.simpleapp.EmployeeTest" name="employeeDelete" time="0.186"/>
  <testcase classname="com.mindtree.simpleapp.EmployeeTest" name="testAddEmployee" time="0.201"/>
</testsuite>